+- Creating Default Template Files If Absent
java.io.FileNotFoundException: D:\Programming\Minecraft-Data-Generator\templates\template_blockstate.json (The system cannot find the path specified)
	at java.base/java.io.FileOutputStream.open0(Native Method)
	at java.base/java.io.FileOutputStream.open(Unknown Source)
	at java.base/java.io.FileOutputStream.<init>(Unknown Source)
	at java.base/java.io.FileOutputStream.<init>(Unknown Source)
	at com.bjmh.mcdg.Util.copyFileFromJar(Util.java:157)
	at com.bjmh.mcdg.Main.main(Main.java:59)
java.io.FileNotFoundException: D:\Programming\Minecraft-Data-Generator\templates\template_model_item.json (The system cannot find the path specified)
	at java.base/java.io.FileOutputStream.open0(Native Method)
	at java.base/java.io.FileOutputStream.open(Unknown Source)
	at java.base/java.io.FileOutputStream.<init>(Unknown Source)
	at java.base/java.io.FileOutputStream.<init>(Unknown Source)
	at com.bjmh.mcdg.Util.copyFileFromJar(Util.java:157)
	at com.bjmh.mcdg.Main.main(Main.java:60)
java.io.FileNotFoundException: D:\Programming\Minecraft-Data-Generator\templates\template_model_tile.json (The system cannot find the path specified)
	at java.base/java.io.FileOutputStream.open0(Native Method)
	at java.base/java.io.FileOutputStream.open(Unknown Source)
	at java.base/java.io.FileOutputStream.<init>(Unknown Source)
	at java.base/java.io.FileOutputStream.<init>(Unknown Source)
	at com.bjmh.mcdg.Util.copyFileFromJar(Util.java:157)
	at com.bjmh.mcdg.Main.main(Main.java:61)
+- Creating Config File If Absent
+- Loading Config File
Exception in thread "main" java.lang.ArrayIndexOutOfBoundsException: Index 1 out of bounds for length 1
	at com.bjmh.lib.io.config.ParserMethods.parseSimpleOption(ParserMethods.java:143)
	at com.bjmh.lib.io.config.ParserMethods$1.parse(ParserMethods.java:14)
	at com.bjmh.lib.io.config.Configuration.parse(Configuration.java:65)
	at com.bjmh.mcdg.Main.main(Main.java:67)
